<?xml version="1.0" encoding="UTF-8"?>
<testsuite xmlns:xsi="http://www.w3.org/2001/XMLSchema-instance" xsi:schemaLocation="https://maven.apache.org/surefire/maven-surefire-plugin/xsd/surefire-test-report.xsd" name="io.helidon.common.reactive.BaseProcessorTest" time="0.056" tests="19" errors="0" skipped="0" failures="0">
  <properties>
    <property name="java.vendor" value="Oracle Corporation"/>
    <property name="sun.java.launcher" value="SUN_STANDARD"/>
    <property name="sun.management.compiler" value="HotSpot 64-Bit Tiered Compilers"/>
    <property name="https.proxyHost" value="www-proxy-brmdc.us.oracle.com"/>
    <property name="os.name" value="Mac OS X"/>
    <property name="sun.boot.class.path" value="/Library/Java/JavaVirtualMachines/jdk1.8.0_191.jdk/Contents/Home/jre/lib/resources.jar:/Library/Java/JavaVirtualMachines/jdk1.8.0_191.jdk/Contents/Home/jre/lib/rt.jar:/Library/Java/JavaVirtualMachines/jdk1.8.0_191.jdk/Contents/Home/jre/lib/sunrsasign.jar:/Library/Java/JavaVirtualMachines/jdk1.8.0_191.jdk/Contents/Home/jre/lib/jsse.jar:/Library/Java/JavaVirtualMachines/jdk1.8.0_191.jdk/Contents/Home/jre/lib/jce.jar:/Library/Java/JavaVirtualMachines/jdk1.8.0_191.jdk/Contents/Home/jre/lib/charsets.jar:/Library/Java/JavaVirtualMachines/jdk1.8.0_191.jdk/Contents/Home/jre/lib/jfr.jar:/Library/Java/JavaVirtualMachines/jdk1.8.0_191.jdk/Contents/Home/jre/classes"/>
    <property name="java.vm.specification.vendor" value="Oracle Corporation"/>
    <property name="java.runtime.version" value="1.8.0_191-b12"/>
    <property name="http.proxyPort" value="80"/>
    <property name="user.name" value="rgrecour"/>
    <property name="guice.disable.misplaced.annotation.check" value="true"/>
    <property name="user.language" value="en"/>
    <property name="sun.boot.library.path" value="/Library/Java/JavaVirtualMachines/jdk1.8.0_191.jdk/Contents/Home/jre/lib"/>
    <property name="classworlds.conf" value="/opt/apache-maven-3.5.3/bin/m2.conf"/>
    <property name="java.version" value="1.8.0_191"/>
    <property name="user.timezone" value="America/Los_Angeles"/>
    <property name="sun.arch.data.model" value="64"/>
    <property name="http.nonProxyHosts" value="localhost|127.0.0.1|*.oraclecorp.com|j4c.uk.oracle.com|gf-maven.us.oracle.com"/>
    <property name="java.endorsed.dirs" value="/Library/Java/JavaVirtualMachines/jdk1.8.0_191.jdk/Contents/Home/jre/lib/endorsed"/>
    <property name="sun.cpu.isalist" value=""/>
    <property name="sun.jnu.encoding" value="UTF-8"/>
    <property name="file.encoding.pkg" value="sun.io"/>
    <property name="file.separator" value="/"/>
    <property name="java.specification.name" value="Java Platform API Specification"/>
    <property name="maven.conf" value="/opt/apache-maven-3.5.3/conf"/>
    <property name="java.class.version" value="52.0"/>
    <property name="user.country" value="US"/>
    <property name="java.home" value="/Library/Java/JavaVirtualMachines/jdk1.8.0_191.jdk/Contents/Home/jre"/>
    <property name="java.vm.info" value="mixed mode"/>
    <property name="os.version" value="10.13.6"/>
    <property name="https.proxyPort" value="80"/>
    <property name="https.nonProxyHosts" value="localhost|127.0.0.1|*.oraclecorp.com|j4c.uk.oracle.com|gf-maven.us.oracle.com"/>
    <property name="path.separator" value=":"/>
    <property name="java.vm.version" value="25.191-b12"/>
    <property name="java.awt.printerjob" value="sun.lwawt.macosx.CPrinterJob"/>
    <property name="sun.io.unicode.encoding" value="UnicodeBig"/>
    <property name="os.detected.version" value="10.13"/>
    <property name="awt.toolkit" value="sun.lwawt.macosx.LWCToolkit"/>
    <property name="socksNonProxyHosts" value="local|*.local|169.254/16|*.169.254/16|local.pcfdev.io|*.local.pcfdev.io|demo.j4c.io|*.demo.j4c.io|demo2.j4c.io|*.demo2.j4c.io"/>
    <property name="ftp.nonProxyHosts" value="local|*.local|169.254/16|*.169.254/16|local.pcfdev.io|*.local.pcfdev.io|demo.j4c.io|*.demo.j4c.io|demo2.j4c.io|*.demo2.j4c.io"/>
    <property name="user.home" value="/Users/rgrecour"/>
    <property name="java.specification.vendor" value="Oracle Corporation"/>
    <property name="library.jansi.path" value="/opt/apache-maven-3.5.3/lib/jansi-native"/>
    <property name="java.library.path" value="/Users/rgrecour/Library/Java/Extensions:/Library/Java/Extensions:/Network/Library/Java/Extensions:/System/Library/Java/Extensions:/usr/lib/java:."/>
    <property name="java.vendor.url" value="http://java.oracle.com/"/>
    <property name="java.vm.vendor" value="Oracle Corporation"/>
    <property name="gopherProxySet" value="false"/>
    <property name="maven.home" value="/opt/apache-maven-3.5.3"/>
    <property name="java.runtime.name" value="Java(TM) SE Runtime Environment"/>
    <property name="sun.java.command" value="org.codehaus.plexus.classworlds.launcher.Launcher clean install"/>
    <property name="java.class.path" value="/opt/apache-maven-3.5.3/boot/plexus-classworlds-2.5.2.jar"/>
    <property name="os.detected.arch" value="x86_64"/>
    <property name="java.vm.specification.name" value="Java Virtual Machine Specification"/>
    <property name="java.vm.specification.version" value="1.8"/>
    <property name="sun.cpu.endian" value="little"/>
    <property name="sun.os.patch.level" value="unknown"/>
    <property name="os.detected.classifier" value="osx-x86_64"/>
    <property name="java.io.tmpdir" value="/var/folders/mv/mhys3_z92znbd457hhgm8hkh0000gn/T/"/>
    <property name="java.vendor.url.bug" value="http://bugreport.sun.com/bugreport/"/>
    <property name="maven.multiModuleProjectDirectory" value="/Users/rgrecour/workspaces/helidon-github"/>
    <property name="http.proxyHost" value="www-proxy-brmdc.us.oracle.com"/>
    <property name="os.arch" value="x86_64"/>
    <property name="java.awt.graphicsenv" value="sun.awt.CGraphicsEnvironment"/>
    <property name="java.ext.dirs" value="/Users/rgrecour/Library/Java/Extensions:/Library/Java/JavaVirtualMachines/jdk1.8.0_191.jdk/Contents/Home/jre/lib/ext:/Library/Java/Extensions:/Network/Library/Java/Extensions:/System/Library/Java/Extensions:/usr/lib/java"/>
    <property name="user.dir" value="/Users/rgrecour/workspaces/helidon-github"/>
    <property name="line.separator" value="&#10;"/>
    <property name="java.vm.name" value="Java HotSpot(TM) 64-Bit Server VM"/>
    <property name="os.detected.version.major" value="10"/>
    <property name="file.encoding" value="UTF-8"/>
    <property name="os.detected.name" value="osx"/>
    <property name="os.detected.version.minor" value="13"/>
    <property name="java.specification.version" value="1.8"/>
  </properties>
  <testcase name="testDoSubscribe" classname="io.helidon.common.reactive.BaseProcessorTest" time="0"/>
  <testcase name="testDoOnNextError" classname="io.helidon.common.reactive.BaseProcessorTest" time="0"/>
  <testcase name="testOnCompleteBeforeSubscribe" classname="io.helidon.common.reactive.BaseProcessorTest" time="0"/>
  <testcase name="testOnErrorBeforeSubscribe" classname="io.helidon.common.reactive.BaseProcessorTest" time="0"/>
  <testcase name="testDoubleSubscribe" classname="io.helidon.common.reactive.BaseProcessorTest" time="0"/>
  <testcase name="testDeferredOnSubscribe" classname="io.helidon.common.reactive.BaseProcessorTest" time="0.004"/>
  <testcase name="testSubmitError" classname="io.helidon.common.reactive.BaseProcessorTest" time="0"/>
  <testcase name="testOnCompleteWithNoRequest" classname="io.helidon.common.reactive.BaseProcessorTest" time="0"/>
  <testcase name="testDoSubscribeTwice" classname="io.helidon.common.reactive.BaseProcessorTest" time="0.001"/>
  <testcase name="testSubscriptionNotCanceled" classname="io.helidon.common.reactive.BaseProcessorTest" time="0.001"/>
  <testcase name="testCanceledSubscription" classname="io.helidon.common.reactive.BaseProcessorTest" time="0.001"/>
  <testcase name="testDoubleOnError" classname="io.helidon.common.reactive.BaseProcessorTest" time="0.001"/>
  <testcase name="testOnErrorWithNoRequest" classname="io.helidon.common.reactive.BaseProcessorTest" time="0.001"/>
  <testcase name="testDoSubscribeErrorDelegate" classname="io.helidon.common.reactive.BaseProcessorTest" time="0.015"/>
  <testcase name="testBeforeOnCompleteError" classname="io.helidon.common.reactive.BaseProcessorTest" time="0"/>
  <testcase name="testNotEnoughRequestToSubmit" classname="io.helidon.common.reactive.BaseProcessorTest" time="0"/>
  <testcase name="testNegativeSubscription" classname="io.helidon.common.reactive.BaseProcessorTest" time="0.002"/>
  <testcase name="testOnNextAfterOnComplete" classname="io.helidon.common.reactive.BaseProcessorTest" time="0.001"/>
  <testcase name="testDoubleOnSubscribe" classname="io.helidon.common.reactive.BaseProcessorTest" time="0.005"/>
</testsuite>